<?xml version="1.0" encoding="UTF-8"?>
<testsuite xmlns:xsi="http://www.w3.org/2001/XMLSchema-instance" xsi:noNamespaceSchemaLocation="https://maven.apache.org/surefire/maven-surefire-plugin/xsd/surefire-test-report-3.0.xsd" version="3.0" name="runner.TestsRunner" time="27.347" tests="1" errors="0" skipped="0" failures="0">
  <properties>
    <property name="gopherProxySet" value="false"/>
    <property name="awt.toolkit" value="sun.lwawt.macosx.LWCToolkit"/>
    <property name="file.encoding.pkg" value="sun.io"/>
    <property name="java.specification.version" value="1.8"/>
    <property name="sun.cpu.isalist" value=""/>
    <property name="sun.jnu.encoding" value="UTF-8"/>
    <property name="java.class.path" value="/Users/mohanrajmathavan/.jenkins/workspace/BootCamp/1_SimpleExecutionFreeStyle/UnixBased_WebTest_FreeStyle/target/test-classes:/Users/mohanrajmathavan/.jenkins/workspace/BootCamp/1_SimpleExecutionFreeStyle/UnixBased_WebTest_FreeStyle/target/classes:/Users/mohanrajmathavan/.m2/repository/org/seleniumhq/selenium/selenium-java/3.141.59/selenium-java-3.141.59.jar:/Users/mohanrajmathavan/.m2/repository/org/seleniumhq/selenium/selenium-api/3.141.59/selenium-api-3.141.59.jar:/Users/mohanrajmathavan/.m2/repository/org/seleniumhq/selenium/selenium-chrome-driver/3.141.59/selenium-chrome-driver-3.141.59.jar:/Users/mohanrajmathavan/.m2/repository/org/seleniumhq/selenium/selenium-edge-driver/3.141.59/selenium-edge-driver-3.141.59.jar:/Users/mohanrajmathavan/.m2/repository/org/seleniumhq/selenium/selenium-firefox-driver/3.141.59/selenium-firefox-driver-3.141.59.jar:/Users/mohanrajmathavan/.m2/repository/org/seleniumhq/selenium/selenium-ie-driver/3.141.59/selenium-ie-driver-3.141.59.jar:/Users/mohanrajmathavan/.m2/repository/org/seleniumhq/selenium/selenium-opera-driver/3.141.59/selenium-opera-driver-3.141.59.jar:/Users/mohanrajmathavan/.m2/repository/org/seleniumhq/selenium/selenium-remote-driver/3.141.59/selenium-remote-driver-3.141.59.jar:/Users/mohanrajmathavan/.m2/repository/org/seleniumhq/selenium/selenium-safari-driver/3.141.59/selenium-safari-driver-3.141.59.jar:/Users/mohanrajmathavan/.m2/repository/org/seleniumhq/selenium/selenium-support/3.141.59/selenium-support-3.141.59.jar:/Users/mohanrajmathavan/.m2/repository/net/bytebuddy/byte-buddy/1.8.15/byte-buddy-1.8.15.jar:/Users/mohanrajmathavan/.m2/repository/org/apache/commons/commons-exec/1.3/commons-exec-1.3.jar:/Users/mohanrajmathavan/.m2/repository/com/google/guava/guava/25.0-jre/guava-25.0-jre.jar:/Users/mohanrajmathavan/.m2/repository/com/google/code/findbugs/jsr305/1.3.9/jsr305-1.3.9.jar:/Users/mohanrajmathavan/.m2/repository/org/checkerframework/checker-compat-qual/2.0.0/checker-compat-qual-2.0.0.jar:/Users/mohanrajmathavan/.m2/repository/com/google/errorprone/error_prone_annotations/2.1.3/error_prone_annotations-2.1.3.jar:/Users/mohanrajmathavan/.m2/repository/com/google/j2objc/j2objc-annotations/1.1/j2objc-annotations-1.1.jar:/Users/mohanrajmathavan/.m2/repository/org/codehaus/mojo/animal-sniffer-annotations/1.14/animal-sniffer-annotations-1.14.jar:/Users/mohanrajmathavan/.m2/repository/com/squareup/okhttp3/okhttp/3.11.0/okhttp-3.11.0.jar:/Users/mohanrajmathavan/.m2/repository/com/squareup/okio/okio/1.14.0/okio-1.14.0.jar:/Users/mohanrajmathavan/.m2/repository/io/cucumber/cucumber-java/4.2.6/cucumber-java-4.2.6.jar:/Users/mohanrajmathavan/.m2/repository/io/cucumber/cucumber-core/4.2.6/cucumber-core-4.2.6.jar:/Users/mohanrajmathavan/.m2/repository/io/cucumber/cucumber-html/0.2.7/cucumber-html-0.2.7.jar:/Users/mohanrajmathavan/.m2/repository/io/cucumber/gherkin/5.1.0/gherkin-5.1.0.jar:/Users/mohanrajmathavan/.m2/repository/io/cucumber/tag-expressions/1.1.1/tag-expressions-1.1.1.jar:/Users/mohanrajmathavan/.m2/repository/io/cucumber/cucumber-expressions/6.2.0/cucumber-expressions-6.2.0.jar:/Users/mohanrajmathavan/.m2/repository/io/cucumber/datatable/1.1.12/datatable-1.1.12.jar:/Users/mohanrajmathavan/.m2/repository/io/cucumber/datatable-dependencies/1.1.12/datatable-dependencies-1.1.12.jar:/Users/mohanrajmathavan/.m2/repository/io/cucumber/cucumber-junit/4.2.6/cucumber-junit-4.2.6.jar:/Users/mohanrajmathavan/.m2/repository/junit/junit/4.12/junit-4.12.jar:/Users/mohanrajmathavan/.m2/repository/com/aventstack/extentreports-cucumber4-adapter/1.0.10/extentreports-cucumber4-adapter-1.0.10.jar:/Users/mohanrajmathavan/.m2/repository/org/mongodb/mongodb-driver/3.3.0/mongodb-driver-3.3.0.jar:/Users/mohanrajmathavan/.m2/repository/org/mongodb/mongodb-driver-core/3.3.0/mongodb-driver-core-3.3.0.jar:/Users/mohanrajmathavan/.m2/repository/com/aventstack/extentreports/4.1.2/extentreports-4.1.2.jar:/Users/mohanrajmathavan/.m2/repository/org/freemarker/freemarker/2.3.29/freemarker-2.3.29.jar:/Users/mohanrajmathavan/.m2/repository/com/google/code/gson/gson/2.8.6/gson-2.8.6.jar:/Users/mohanrajmathavan/.m2/repository/org/mongodb/bson/3.12.0/bson-3.12.0.jar:/Users/mohanrajmathavan/.m2/repository/io/rest-assured/rest-assured/4.3.0/rest-assured-4.3.0.jar:/Users/mohanrajmathavan/.m2/repository/org/codehaus/groovy/groovy/3.0.2/groovy-3.0.2.jar:/Users/mohanrajmathavan/.m2/repository/org/codehaus/groovy/groovy-xml/3.0.2/groovy-xml-3.0.2.jar:/Users/mohanrajmathavan/.m2/repository/org/hamcrest/hamcrest/2.1/hamcrest-2.1.jar:/Users/mohanrajmathavan/.m2/repository/org/ccil/cowan/tagsoup/tagsoup/1.2.1/tagsoup-1.2.1.jar:/Users/mohanrajmathavan/.m2/repository/io/rest-assured/json-path/4.3.0/json-path-4.3.0.jar:/Users/mohanrajmathavan/.m2/repository/org/codehaus/groovy/groovy-json/3.0.2/groovy-json-3.0.2.jar:/Users/mohanrajmathavan/.m2/repository/io/rest-assured/rest-assured-common/4.3.0/rest-assured-common-4.3.0.jar:/Users/mohanrajmathavan/.m2/repository/io/rest-assured/xml-path/4.3.0/xml-path-4.3.0.jar:/Users/mohanrajmathavan/.m2/repository/jakarta/xml/bind/jakarta.xml.bind-api/2.3.2/jakarta.xml.bind-api-2.3.2.jar:/Users/mohanrajmathavan/.m2/repository/jakarta/activation/jakarta.activation-api/1.2.1/jakarta.activation-api-1.2.1.jar:/Users/mohanrajmathavan/.m2/repository/com/sun/xml/bind/jaxb-osgi/2.3.0.1/jaxb-osgi-2.3.0.1.jar:/Users/mohanrajmathavan/.m2/repository/org/apache/sling/org.apache.sling.javax.activation/0.1.0/org.apache.sling.javax.activation-0.1.0.jar:/Users/mohanrajmathavan/.m2/repository/javax/activation/activation/1.1.1/activation-1.1.1.jar:/Users/mohanrajmathavan/.m2/repository/org/hamcrest/hamcrest-core/1.3/hamcrest-core-1.3.jar:/Users/mohanrajmathavan/.m2/repository/io/github/bonigarcia/webdrivermanager/4.0.0/webdrivermanager-4.0.0.jar:/Users/mohanrajmathavan/.m2/repository/commons-io/commons-io/2.6/commons-io-2.6.jar:/Users/mohanrajmathavan/.m2/repository/org/apache/commons/commons-lang3/3.10/commons-lang3-3.10.jar:/Users/mohanrajmathavan/.m2/repository/org/apache/httpcomponents/client5/httpclient5/5.0/httpclient5-5.0.jar:/Users/mohanrajmathavan/.m2/repository/org/apache/httpcomponents/core5/httpcore5/5.0/httpcore5-5.0.jar:/Users/mohanrajmathavan/.m2/repository/org/apache/httpcomponents/core5/httpcore5-h2/5.0/httpcore5-h2-5.0.jar:/Users/mohanrajmathavan/.m2/repository/org/rauschig/jarchivelib/1.0.0/jarchivelib-1.0.0.jar:/Users/mohanrajmathavan/.m2/repository/org/apache/commons/commons-compress/1.18/commons-compress-1.18.jar:/Users/mohanrajmathavan/.m2/repository/org/jsoup/jsoup/1.13.1/jsoup-1.13.1.jar:/Users/mohanrajmathavan/.m2/repository/org/apache/httpcomponents/httpclient/4.5.6/httpclient-4.5.6.jar:/Users/mohanrajmathavan/.m2/repository/commons-logging/commons-logging/1.2/commons-logging-1.2.jar:/Users/mohanrajmathavan/.m2/repository/commons-codec/commons-codec/1.10/commons-codec-1.10.jar:/Users/mohanrajmathavan/.m2/repository/org/slf4j/slf4j-log4j12/1.7.12/slf4j-log4j12-1.7.12.jar:/Users/mohanrajmathavan/.m2/repository/log4j/log4j/1.2.17/log4j-1.2.17.jar:/Users/mohanrajmathavan/.m2/repository/org/slf4j/slf4j-api/1.7.7/slf4j-api-1.7.7.jar:/Users/mohanrajmathavan/.m2/repository/org/apache/httpcomponents/httpcore/4.4.10/httpcore-4.4.10.jar:/Users/mohanrajmathavan/.m2/repository/org/apache/httpcomponents/httpmime/4.5.6/httpmime-4.5.6.jar:/Users/mohanrajmathavan/.m2/repository/com/googlecode/json-simple/json-simple/1.1.1/json-simple-1.1.1.jar:"/>
    <property name="java.vm.vendor" value="Oracle Corporation"/>
    <property name="sun.arch.data.model" value="64"/>
    <property name="dashboardHost" value="localhost"/>
    <property name="java.vendor.url" value="http://java.oracle.com/"/>
    <property name="user.timezone" value=""/>
    <property name="java.vm.specification.version" value="1.8"/>
    <property name="os.name" value="Mac OS X"/>
    <property name="user.country" value="GB"/>
    <property name="sun.java.launcher" value="SUN_STANDARD"/>
    <property name="sun.boot.library.path" value="/Library/Java/JavaVirtualMachines/jdk1.8.0_201.jdk/Contents/Home/jre/lib"/>
    <property name="sun.java.command" value="/Users/mohanrajmathavan/.jenkins/workspace/BootCamp/1_SimpleExecutionFreeStyle/UnixBased_WebTest_FreeStyle/target/surefire/surefirebooter3884488784962787766.jar /Users/mohanrajmathavan/.jenkins/workspace/BootCamp/1_SimpleExecutionFreeStyle/UnixBased_WebTest_FreeStyle/target/surefire 2020-08-21T13-21-47_148-jvmRun1 surefire4584840395724489232tmp surefire_03686025069617857046tmp"/>
    <property name="http.nonProxyHosts" value="local|*.local|169.254/16|*.169.254/16"/>
    <property name="surefire.test.class.path" value="/Users/mohanrajmathavan/.jenkins/workspace/BootCamp/1_SimpleExecutionFreeStyle/UnixBased_WebTest_FreeStyle/target/test-classes:/Users/mohanrajmathavan/.jenkins/workspace/BootCamp/1_SimpleExecutionFreeStyle/UnixBased_WebTest_FreeStyle/target/classes:/Users/mohanrajmathavan/.m2/repository/org/seleniumhq/selenium/selenium-java/3.141.59/selenium-java-3.141.59.jar:/Users/mohanrajmathavan/.m2/repository/org/seleniumhq/selenium/selenium-api/3.141.59/selenium-api-3.141.59.jar:/Users/mohanrajmathavan/.m2/repository/org/seleniumhq/selenium/selenium-chrome-driver/3.141.59/selenium-chrome-driver-3.141.59.jar:/Users/mohanrajmathavan/.m2/repository/org/seleniumhq/selenium/selenium-edge-driver/3.141.59/selenium-edge-driver-3.141.59.jar:/Users/mohanrajmathavan/.m2/repository/org/seleniumhq/selenium/selenium-firefox-driver/3.141.59/selenium-firefox-driver-3.141.59.jar:/Users/mohanrajmathavan/.m2/repository/org/seleniumhq/selenium/selenium-ie-driver/3.141.59/selenium-ie-driver-3.141.59.jar:/Users/mohanrajmathavan/.m2/repository/org/seleniumhq/selenium/selenium-opera-driver/3.141.59/selenium-opera-driver-3.141.59.jar:/Users/mohanrajmathavan/.m2/repository/org/seleniumhq/selenium/selenium-remote-driver/3.141.59/selenium-remote-driver-3.141.59.jar:/Users/mohanrajmathavan/.m2/repository/org/seleniumhq/selenium/selenium-safari-driver/3.141.59/selenium-safari-driver-3.141.59.jar:/Users/mohanrajmathavan/.m2/repository/org/seleniumhq/selenium/selenium-support/3.141.59/selenium-support-3.141.59.jar:/Users/mohanrajmathavan/.m2/repository/net/bytebuddy/byte-buddy/1.8.15/byte-buddy-1.8.15.jar:/Users/mohanrajmathavan/.m2/repository/org/apache/commons/commons-exec/1.3/commons-exec-1.3.jar:/Users/mohanrajmathavan/.m2/repository/com/google/guava/guava/25.0-jre/guava-25.0-jre.jar:/Users/mohanrajmathavan/.m2/repository/com/google/code/findbugs/jsr305/1.3.9/jsr305-1.3.9.jar:/Users/mohanrajmathavan/.m2/repository/org/checkerframework/checker-compat-qual/2.0.0/checker-compat-qual-2.0.0.jar:/Users/mohanrajmathavan/.m2/repository/com/google/errorprone/error_prone_annotations/2.1.3/error_prone_annotations-2.1.3.jar:/Users/mohanrajmathavan/.m2/repository/com/google/j2objc/j2objc-annotations/1.1/j2objc-annotations-1.1.jar:/Users/mohanrajmathavan/.m2/repository/org/codehaus/mojo/animal-sniffer-annotations/1.14/animal-sniffer-annotations-1.14.jar:/Users/mohanrajmathavan/.m2/repository/com/squareup/okhttp3/okhttp/3.11.0/okhttp-3.11.0.jar:/Users/mohanrajmathavan/.m2/repository/com/squareup/okio/okio/1.14.0/okio-1.14.0.jar:/Users/mohanrajmathavan/.m2/repository/io/cucumber/cucumber-java/4.2.6/cucumber-java-4.2.6.jar:/Users/mohanrajmathavan/.m2/repository/io/cucumber/cucumber-core/4.2.6/cucumber-core-4.2.6.jar:/Users/mohanrajmathavan/.m2/repository/io/cucumber/cucumber-html/0.2.7/cucumber-html-0.2.7.jar:/Users/mohanrajmathavan/.m2/repository/io/cucumber/gherkin/5.1.0/gherkin-5.1.0.jar:/Users/mohanrajmathavan/.m2/repository/io/cucumber/tag-expressions/1.1.1/tag-expressions-1.1.1.jar:/Users/mohanrajmathavan/.m2/repository/io/cucumber/cucumber-expressions/6.2.0/cucumber-expressions-6.2.0.jar:/Users/mohanrajmathavan/.m2/repository/io/cucumber/datatable/1.1.12/datatable-1.1.12.jar:/Users/mohanrajmathavan/.m2/repository/io/cucumber/datatable-dependencies/1.1.12/datatable-dependencies-1.1.12.jar:/Users/mohanrajmathavan/.m2/repository/io/cucumber/cucumber-junit/4.2.6/cucumber-junit-4.2.6.jar:/Users/mohanrajmathavan/.m2/repository/junit/junit/4.12/junit-4.12.jar:/Users/mohanrajmathavan/.m2/repository/com/aventstack/extentreports-cucumber4-adapter/1.0.10/extentreports-cucumber4-adapter-1.0.10.jar:/Users/mohanrajmathavan/.m2/repository/org/mongodb/mongodb-driver/3.3.0/mongodb-driver-3.3.0.jar:/Users/mohanrajmathavan/.m2/repository/org/mongodb/mongodb-driver-core/3.3.0/mongodb-driver-core-3.3.0.jar:/Users/mohanrajmathavan/.m2/repository/com/aventstack/extentreports/4.1.2/extentreports-4.1.2.jar:/Users/mohanrajmathavan/.m2/repository/org/freemarker/freemarker/2.3.29/freemarker-2.3.29.jar:/Users/mohanrajmathavan/.m2/repository/com/google/code/gson/gson/2.8.6/gson-2.8.6.jar:/Users/mohanrajmathavan/.m2/repository/org/mongodb/bson/3.12.0/bson-3.12.0.jar:/Users/mohanrajmathavan/.m2/repository/io/rest-assured/rest-assured/4.3.0/rest-assured-4.3.0.jar:/Users/mohanrajmathavan/.m2/repository/org/codehaus/groovy/groovy/3.0.2/groovy-3.0.2.jar:/Users/mohanrajmathavan/.m2/repository/org/codehaus/groovy/groovy-xml/3.0.2/groovy-xml-3.0.2.jar:/Users/mohanrajmathavan/.m2/repository/org/hamcrest/hamcrest/2.1/hamcrest-2.1.jar:/Users/mohanrajmathavan/.m2/repository/org/ccil/cowan/tagsoup/tagsoup/1.2.1/tagsoup-1.2.1.jar:/Users/mohanrajmathavan/.m2/repository/io/rest-assured/json-path/4.3.0/json-path-4.3.0.jar:/Users/mohanrajmathavan/.m2/repository/org/codehaus/groovy/groovy-json/3.0.2/groovy-json-3.0.2.jar:/Users/mohanrajmathavan/.m2/repository/io/rest-assured/rest-assured-common/4.3.0/rest-assured-common-4.3.0.jar:/Users/mohanrajmathavan/.m2/repository/io/rest-assured/xml-path/4.3.0/xml-path-4.3.0.jar:/Users/mohanrajmathavan/.m2/repository/jakarta/xml/bind/jakarta.xml.bind-api/2.3.2/jakarta.xml.bind-api-2.3.2.jar:/Users/mohanrajmathavan/.m2/repository/jakarta/activation/jakarta.activation-api/1.2.1/jakarta.activation-api-1.2.1.jar:/Users/mohanrajmathavan/.m2/repository/com/sun/xml/bind/jaxb-osgi/2.3.0.1/jaxb-osgi-2.3.0.1.jar:/Users/mohanrajmathavan/.m2/repository/org/apache/sling/org.apache.sling.javax.activation/0.1.0/org.apache.sling.javax.activation-0.1.0.jar:/Users/mohanrajmathavan/.m2/repository/javax/activation/activation/1.1.1/activation-1.1.1.jar:/Users/mohanrajmathavan/.m2/repository/org/hamcrest/hamcrest-core/1.3/hamcrest-core-1.3.jar:/Users/mohanrajmathavan/.m2/repository/io/github/bonigarcia/webdrivermanager/4.0.0/webdrivermanager-4.0.0.jar:/Users/mohanrajmathavan/.m2/repository/commons-io/commons-io/2.6/commons-io-2.6.jar:/Users/mohanrajmathavan/.m2/repository/org/apache/commons/commons-lang3/3.10/commons-lang3-3.10.jar:/Users/mohanrajmathavan/.m2/repository/org/apache/httpcomponents/client5/httpclient5/5.0/httpclient5-5.0.jar:/Users/mohanrajmathavan/.m2/repository/org/apache/httpcomponents/core5/httpcore5/5.0/httpcore5-5.0.jar:/Users/mohanrajmathavan/.m2/repository/org/apache/httpcomponents/core5/httpcore5-h2/5.0/httpcore5-h2-5.0.jar:/Users/mohanrajmathavan/.m2/repository/org/rauschig/jarchivelib/1.0.0/jarchivelib-1.0.0.jar:/Users/mohanrajmathavan/.m2/repository/org/apache/commons/commons-compress/1.18/commons-compress-1.18.jar:/Users/mohanrajmathavan/.m2/repository/org/jsoup/jsoup/1.13.1/jsoup-1.13.1.jar:/Users/mohanrajmathavan/.m2/repository/org/apache/httpcomponents/httpclient/4.5.6/httpclient-4.5.6.jar:/Users/mohanrajmathavan/.m2/repository/commons-logging/commons-logging/1.2/commons-logging-1.2.jar:/Users/mohanrajmathavan/.m2/repository/commons-codec/commons-codec/1.10/commons-codec-1.10.jar:/Users/mohanrajmathavan/.m2/repository/org/slf4j/slf4j-log4j12/1.7.12/slf4j-log4j12-1.7.12.jar:/Users/mohanrajmathavan/.m2/repository/log4j/log4j/1.2.17/log4j-1.2.17.jar:/Users/mohanrajmathavan/.m2/repository/org/slf4j/slf4j-api/1.7.7/slf4j-api-1.7.7.jar:/Users/mohanrajmathavan/.m2/repository/org/apache/httpcomponents/httpcore/4.4.10/httpcore-4.4.10.jar:/Users/mohanrajmathavan/.m2/repository/org/apache/httpcomponents/httpmime/4.5.6/httpmime-4.5.6.jar:/Users/mohanrajmathavan/.m2/repository/com/googlecode/json-simple/json-simple/1.1.1/json-simple-1.1.1.jar:"/>
    <property name="sun.cpu.endian" value="little"/>
    <property name="user.home" value="/Users/mohanrajmathavan"/>
    <property name="apiHost" value="localhost"/>
    <property name="user.language" value="en"/>
    <property name="java.specification.vendor" value="Oracle Corporation"/>
    <property name="java.home" value="/Library/Java/JavaVirtualMachines/jdk1.8.0_201.jdk/Contents/Home/jre"/>
    <property name="basedir" value="/Users/mohanrajmathavan/.jenkins/workspace/BootCamp/1_SimpleExecutionFreeStyle/UnixBased_WebTest_FreeStyle"/>
    <property name="file.separator" value="/"/>
    <property name="line.separator" value="&#10;"/>
    <property name="java.vm.specification.vendor" value="Oracle Corporation"/>
    <property name="java.specification.name" value="Java Platform API Specification"/>
    <property name="java.awt.graphicsenv" value="sun.awt.CGraphicsEnvironment"/>
    <property name="applicationHost" value="localhost"/>
    <property name="surefire.real.class.path" value="/Users/mohanrajmathavan/.jenkins/workspace/BootCamp/1_SimpleExecutionFreeStyle/UnixBased_WebTest_FreeStyle/target/surefire/surefirebooter3884488784962787766.jar"/>
    <property name="sun.boot.class.path" value="/Library/Java/JavaVirtualMachines/jdk1.8.0_201.jdk/Contents/Home/jre/lib/resources.jar:/Library/Java/JavaVirtualMachines/jdk1.8.0_201.jdk/Contents/Home/jre/lib/rt.jar:/Library/Java/JavaVirtualMachines/jdk1.8.0_201.jdk/Contents/Home/jre/lib/sunrsasign.jar:/Library/Java/JavaVirtualMachines/jdk1.8.0_201.jdk/Contents/Home/jre/lib/jsse.jar:/Library/Java/JavaVirtualMachines/jdk1.8.0_201.jdk/Contents/Home/jre/lib/jce.jar:/Library/Java/JavaVirtualMachines/jdk1.8.0_201.jdk/Contents/Home/jre/lib/charsets.jar:/Library/Java/JavaVirtualMachines/jdk1.8.0_201.jdk/Contents/Home/jre/lib/jfr.jar:/Library/Java/JavaVirtualMachines/jdk1.8.0_201.jdk/Contents/Home/jre/classes"/>
    <property name="sun.management.compiler" value="HotSpot 64-Bit Tiered Compilers"/>
    <property name="ftp.nonProxyHosts" value="local|*.local|169.254/16|*.169.254/16"/>
    <property name="java.runtime.version" value="1.8.0_201-b09"/>
    <property name="user.name" value="mohanrajmathavan"/>
    <property name="path.separator" value=":"/>
    <property name="os.version" value="10.15.4"/>
    <property name="java.endorsed.dirs" value="/Library/Java/JavaVirtualMachines/jdk1.8.0_201.jdk/Contents/Home/jre/lib/endorsed"/>
    <property name="java.runtime.name" value="Java(TM) SE Runtime Environment"/>
    <property name="file.encoding" value="UTF-8"/>
    <property name="java.vm.name" value="Java HotSpot(TM) 64-Bit Server VM"/>
    <property name="localRepository" value="/Users/mohanrajmathavan/.m2/repository"/>
    <property name="cucumber.options" value="--tags &apos;@UITest and @Smoke&apos;"/>
    <property name="java.vendor.url.bug" value="http://bugreport.sun.com/bugreport/"/>
    <property name="java.io.tmpdir" value="/var/folders/gk/9rlzqfcd3933kcmb9mtswrk40000gp/T/"/>
    <property name="java.version" value="1.8.0_201"/>
    <property name="user.dir" value="/Users/mohanrajmathavan/.jenkins/workspace/BootCamp/1_SimpleExecutionFreeStyle/UnixBased_WebTest_FreeStyle"/>
    <property name="os.arch" value="x86_64"/>
    <property name="gridURL" value="http://localhost:4444/wd/hub"/>
    <property name="java.vm.specification.name" value="Java Virtual Machine Specification"/>
    <property name="java.awt.printerjob" value="sun.lwawt.macosx.CPrinterJob"/>
    <property name="executionPlatform" value="LOCAL_CHROME"/>
    <property name="sun.os.patch.level" value="unknown"/>
    <property name="java.library.path" value="/Users/mohanrajmathavan/Library/Java/Extensions:/Library/Java/Extensions:/Network/Library/Java/Extensions:/System/Library/Java/Extensions:/usr/lib/java:."/>
    <property name="java.vm.info" value="mixed mode"/>
    <property name="java.vendor" value="Oracle Corporation"/>
    <property name="java.vm.version" value="25.201-b09"/>
    <property name="java.ext.dirs" value="/Users/mohanrajmathavan/Library/Java/Extensions:/Library/Java/JavaVirtualMachines/jdk1.8.0_201.jdk/Contents/Home/jre/lib/ext:/Library/Java/Extensions:/Network/Library/Java/Extensions:/System/Library/Java/Extensions:/usr/lib/java"/>
    <property name="sun.io.unicode.encoding" value="UnicodeBig"/>
    <property name="java.class.version" value="52.0"/>
    <property name="socksNonProxyHosts" value="local|*.local|169.254/16|*.169.254/16"/>
  </properties>
  <testcase name="E-Shop Application - Create New Account" classname="Mythical Mysfits Eshop UI login feature" time="26.569"/>
</testsuite>